2024-11-26 12:16:37,531 [Worker-5: Loading available Gradle versions] INFO  o.e.b.c.i.u.g.PublishedGradleVersions - Gradle version information cache is up-to-date. Trying to read.
2024-11-26 12:17:36,109 [Worker-4: Launching mavenrun-17b65865-5efa-4a38-8684-a4d783837084] INFO  o.eclipse.m2e.core.internal.Bundles - getClasspathEntries(Bundle=org.eclipse.m2e.maven.runtime_3.9.900.20240824-1409 [643])
2024-11-26 12:17:36,112 [Worker-4: Launching mavenrun-17b65865-5efa-4a38-8684-a4d783837084] INFO  o.eclipse.m2e.core.internal.Bundles - 	Entry: D:\eclipse\plugins\org.eclipse.m2e.maven.runtime_3.9.900.20240824-1409
2024-11-26 12:17:36,113 [Worker-4: Launching mavenrun-17b65865-5efa-4a38-8684-a4d783837084] INFO  o.eclipse.m2e.core.internal.Bundles - 	Entry: D:\eclipse\plugins\org.eclipse.m2e.maven.runtime_3.9.900.20240824-1409\jars\aopalliance-1.0.jar
2024-11-26 12:17:36,113 [Worker-4: Launching mavenrun-17b65865-5efa-4a38-8684-a4d783837084] INFO  o.eclipse.m2e.core.internal.Bundles - 	Entry: D:\eclipse\plugins\org.eclipse.m2e.maven.runtime_3.9.900.20240824-1409\jars\guice-5.1.0.jar
2024-11-26 12:17:36,113 [Worker-4: Launching mavenrun-17b65865-5efa-4a38-8684-a4d783837084] INFO  o.eclipse.m2e.core.internal.Bundles - 	Entry: D:\eclipse\plugins\org.eclipse.m2e.maven.runtime_3.9.900.20240824-1409\jars\httpclient-4.5.14.jar
2024-11-26 12:17:36,113 [Worker-4: Launching mavenrun-17b65865-5efa-4a38-8684-a4d783837084] INFO  o.eclipse.m2e.core.internal.Bundles - 	Entry: D:\eclipse\plugins\org.eclipse.m2e.maven.runtime_3.9.900.20240824-1409\jars\httpcore-4.4.16.jar
2024-11-26 12:17:36,113 [Worker-4: Launching mavenrun-17b65865-5efa-4a38-8684-a4d783837084] INFO  o.eclipse.m2e.core.internal.Bundles - 	Entry: D:\eclipse\plugins\org.eclipse.m2e.maven.runtime_3.9.900.20240824-1409\jars\jansi-2.4.1.jar
2024-11-26 12:17:36,113 [Worker-4: Launching mavenrun-17b65865-5efa-4a38-8684-a4d783837084] INFO  o.eclipse.m2e.core.internal.Bundles - 	Entry: D:\eclipse\plugins\org.eclipse.m2e.maven.runtime_3.9.900.20240824-1409\jars\jcl-over-slf4j-1.7.36.jar
2024-11-26 12:17:36,114 [Worker-4: Launching mavenrun-17b65865-5efa-4a38-8684-a4d783837084] INFO  o.eclipse.m2e.core.internal.Bundles - 	Entry: D:\eclipse\plugins\org.eclipse.m2e.maven.runtime_3.9.900.20240824-1409\jars\maven-artifact-3.9.9.jar
2024-11-26 12:17:36,114 [Worker-4: Launching mavenrun-17b65865-5efa-4a38-8684-a4d783837084] INFO  o.eclipse.m2e.core.internal.Bundles - 	Entry: D:\eclipse\plugins\org.eclipse.m2e.maven.runtime_3.9.900.20240824-1409\jars\maven-builder-support-3.9.9.jar
2024-11-26 12:17:36,114 [Worker-4: Launching mavenrun-17b65865-5efa-4a38-8684-a4d783837084] INFO  o.eclipse.m2e.core.internal.Bundles - 	Entry: D:\eclipse\plugins\org.eclipse.m2e.maven.runtime_3.9.900.20240824-1409\jars\maven-compat-3.9.9.jar
2024-11-26 12:17:36,114 [Worker-4: Launching mavenrun-17b65865-5efa-4a38-8684-a4d783837084] INFO  o.eclipse.m2e.core.internal.Bundles - 	Entry: D:\eclipse\plugins\org.eclipse.m2e.maven.runtime_3.9.900.20240824-1409\jars\maven-core-3.9.9.jar
2024-11-26 12:17:36,114 [Worker-4: Launching mavenrun-17b65865-5efa-4a38-8684-a4d783837084] INFO  o.eclipse.m2e.core.internal.Bundles - 	Entry: D:\eclipse\plugins\org.eclipse.m2e.maven.runtime_3.9.900.20240824-1409\jars\maven-embedder-3.9.9.jar
2024-11-26 12:17:36,114 [Worker-4: Launching mavenrun-17b65865-5efa-4a38-8684-a4d783837084] INFO  o.eclipse.m2e.core.internal.Bundles - 	Entry: D:\eclipse\plugins\org.eclipse.m2e.maven.runtime_3.9.900.20240824-1409\jars\maven-model-3.9.9.jar
2024-11-26 12:17:36,114 [Worker-4: Launching mavenrun-17b65865-5efa-4a38-8684-a4d783837084] INFO  o.eclipse.m2e.core.internal.Bundles - 	Entry: D:\eclipse\plugins\org.eclipse.m2e.maven.runtime_3.9.900.20240824-1409\jars\maven-model-builder-3.9.9.jar
2024-11-26 12:17:36,114 [Worker-4: Launching mavenrun-17b65865-5efa-4a38-8684-a4d783837084] INFO  o.eclipse.m2e.core.internal.Bundles - 	Entry: D:\eclipse\plugins\org.eclipse.m2e.maven.runtime_3.9.900.20240824-1409\jars\maven-plugin-api-3.9.9.jar
2024-11-26 12:17:36,114 [Worker-4: Launching mavenrun-17b65865-5efa-4a38-8684-a4d783837084] INFO  o.eclipse.m2e.core.internal.Bundles - 	Entry: D:\eclipse\plugins\org.eclipse.m2e.maven.runtime_3.9.900.20240824-1409\jars\maven-repository-metadata-3.9.9.jar
2024-11-26 12:17:36,114 [Worker-4: Launching mavenrun-17b65865-5efa-4a38-8684-a4d783837084] INFO  o.eclipse.m2e.core.internal.Bundles - 	Entry: D:\eclipse\plugins\org.eclipse.m2e.maven.runtime_3.9.900.20240824-1409\jars\maven-resolver-api-1.9.22.jar
2024-11-26 12:17:36,114 [Worker-4: Launching mavenrun-17b65865-5efa-4a38-8684-a4d783837084] INFO  o.eclipse.m2e.core.internal.Bundles - 	Entry: D:\eclipse\plugins\org.eclipse.m2e.maven.runtime_3.9.900.20240824-1409\jars\maven-resolver-connector-basic-1.9.22.jar
2024-11-26 12:17:36,114 [Worker-4: Launching mavenrun-17b65865-5efa-4a38-8684-a4d783837084] INFO  o.eclipse.m2e.core.internal.Bundles - 	Entry: D:\eclipse\plugins\org.eclipse.m2e.maven.runtime_3.9.900.20240824-1409\jars\maven-resolver-impl-1.9.22.jar
2024-11-26 12:17:36,115 [Worker-4: Launching mavenrun-17b65865-5efa-4a38-8684-a4d783837084] INFO  o.eclipse.m2e.core.internal.Bundles - 	Entry: D:\eclipse\plugins\org.eclipse.m2e.maven.runtime_3.9.900.20240824-1409\jars\maven-resolver-named-locks-1.9.22.jar
2024-11-26 12:17:36,115 [Worker-4: Launching mavenrun-17b65865-5efa-4a38-8684-a4d783837084] INFO  o.eclipse.m2e.core.internal.Bundles - 	Entry: D:\eclipse\plugins\org.eclipse.m2e.maven.runtime_3.9.900.20240824-1409\jars\maven-resolver-provider-3.9.9.jar
2024-11-26 12:17:36,115 [Worker-4: Launching mavenrun-17b65865-5efa-4a38-8684-a4d783837084] INFO  o.eclipse.m2e.core.internal.Bundles - 	Entry: D:\eclipse\plugins\org.eclipse.m2e.maven.runtime_3.9.900.20240824-1409\jars\maven-resolver-spi-1.9.22.jar
2024-11-26 12:17:36,115 [Worker-4: Launching mavenrun-17b65865-5efa-4a38-8684-a4d783837084] INFO  o.eclipse.m2e.core.internal.Bundles - 	Entry: D:\eclipse\plugins\org.eclipse.m2e.maven.runtime_3.9.900.20240824-1409\jars\maven-resolver-transport-file-1.9.22.jar
2024-11-26 12:17:36,115 [Worker-4: Launching mavenrun-17b65865-5efa-4a38-8684-a4d783837084] INFO  o.eclipse.m2e.core.internal.Bundles - 	Entry: D:\eclipse\plugins\org.eclipse.m2e.maven.runtime_3.9.900.20240824-1409\jars\maven-resolver-transport-http-1.9.22.jar
2024-11-26 12:17:36,115 [Worker-4: Launching mavenrun-17b65865-5efa-4a38-8684-a4d783837084] INFO  o.eclipse.m2e.core.internal.Bundles - 	Entry: D:\eclipse\plugins\org.eclipse.m2e.maven.runtime_3.9.900.20240824-1409\jars\maven-resolver-transport-wagon-1.9.22.jar
2024-11-26 12:17:36,115 [Worker-4: Launching mavenrun-17b65865-5efa-4a38-8684-a4d783837084] INFO  o.eclipse.m2e.core.internal.Bundles - 	Entry: D:\eclipse\plugins\org.eclipse.m2e.maven.runtime_3.9.900.20240824-1409\jars\maven-resolver-util-1.9.22.jar
2024-11-26 12:17:36,115 [Worker-4: Launching mavenrun-17b65865-5efa-4a38-8684-a4d783837084] INFO  o.eclipse.m2e.core.internal.Bundles - 	Entry: D:\eclipse\plugins\org.eclipse.m2e.maven.runtime_3.9.900.20240824-1409\jars\maven-settings-3.9.9.jar
2024-11-26 12:17:36,115 [Worker-4: Launching mavenrun-17b65865-5efa-4a38-8684-a4d783837084] INFO  o.eclipse.m2e.core.internal.Bundles - 	Entry: D:\eclipse\plugins\org.eclipse.m2e.maven.runtime_3.9.900.20240824-1409\jars\maven-settings-builder-3.9.9.jar
2024-11-26 12:17:36,116 [Worker-4: Launching mavenrun-17b65865-5efa-4a38-8684-a4d783837084] INFO  o.eclipse.m2e.core.internal.Bundles - 	Entry: D:\eclipse\plugins\org.eclipse.m2e.maven.runtime_3.9.900.20240824-1409\jars\maven-shared-utils-3.4.2.jar
2024-11-26 12:17:36,116 [Worker-4: Launching mavenrun-17b65865-5efa-4a38-8684-a4d783837084] INFO  o.eclipse.m2e.core.internal.Bundles - 	Entry: D:\eclipse\plugins\org.eclipse.m2e.maven.runtime_3.9.900.20240824-1409\jars\org.eclipse.sisu.inject-0.9.0.M3.jar
2024-11-26 12:17:36,116 [Worker-4: Launching mavenrun-17b65865-5efa-4a38-8684-a4d783837084] INFO  o.eclipse.m2e.core.internal.Bundles - 	Entry: D:\eclipse\plugins\org.eclipse.m2e.maven.runtime_3.9.900.20240824-1409\jars\org.eclipse.sisu.plexus-0.9.0.M3.jar
2024-11-26 12:17:36,116 [Worker-4: Launching mavenrun-17b65865-5efa-4a38-8684-a4d783837084] INFO  o.eclipse.m2e.core.internal.Bundles - 	Entry: D:\eclipse\plugins\org.eclipse.m2e.maven.runtime_3.9.900.20240824-1409\jars\plexus-build-api-0.0.7.jar
2024-11-26 12:17:36,116 [Worker-4: Launching mavenrun-17b65865-5efa-4a38-8684-a4d783837084] INFO  o.eclipse.m2e.core.internal.Bundles - 	Entry: D:\eclipse\plugins\org.eclipse.m2e.maven.runtime_3.9.900.20240824-1409\jars\plexus-build-api-1.2.0.jar
2024-11-26 12:17:36,116 [Worker-4: Launching mavenrun-17b65865-5efa-4a38-8684-a4d783837084] INFO  o.eclipse.m2e.core.internal.Bundles - 	Entry: D:\eclipse\plugins\org.eclipse.m2e.maven.runtime_3.9.900.20240824-1409\jars\plexus-cipher-2.0.jar
2024-11-26 12:17:36,116 [Worker-4: Launching mavenrun-17b65865-5efa-4a38-8684-a4d783837084] INFO  o.eclipse.m2e.core.internal.Bundles - 	Entry: D:\eclipse\plugins\org.eclipse.m2e.maven.runtime_3.9.900.20240824-1409\jars\plexus-classworlds-2.8.0.jar
2024-11-26 12:17:36,116 [Worker-4: Launching mavenrun-17b65865-5efa-4a38-8684-a4d783837084] INFO  o.eclipse.m2e.core.internal.Bundles - 	Entry: D:\eclipse\plugins\org.eclipse.m2e.maven.runtime_3.9.900.20240824-1409\jars\plexus-component-annotations-2.1.0.jar
2024-11-26 12:17:36,116 [Worker-4: Launching mavenrun-17b65865-5efa-4a38-8684-a4d783837084] INFO  o.eclipse.m2e.core.internal.Bundles - 	Entry: D:\eclipse\plugins\org.eclipse.m2e.maven.runtime_3.9.900.20240824-1409\jars\plexus-interpolation-1.27.jar
2024-11-26 12:17:36,117 [Worker-4: Launching mavenrun-17b65865-5efa-4a38-8684-a4d783837084] INFO  o.eclipse.m2e.core.internal.Bundles - 	Entry: D:\eclipse\plugins\org.eclipse.m2e.maven.runtime_3.9.900.20240824-1409\jars\plexus-sec-dispatcher-2.0.jar
2024-11-26 12:17:36,117 [Worker-4: Launching mavenrun-17b65865-5efa-4a38-8684-a4d783837084] INFO  o.eclipse.m2e.core.internal.Bundles - 	Entry: D:\eclipse\plugins\org.eclipse.m2e.maven.runtime_3.9.900.20240824-1409\jars\plexus-utils-3.5.1.jar
2024-11-26 12:17:36,117 [Worker-4: Launching mavenrun-17b65865-5efa-4a38-8684-a4d783837084] INFO  o.eclipse.m2e.core.internal.Bundles - 	Entry: D:\eclipse\plugins\org.eclipse.m2e.maven.runtime_3.9.900.20240824-1409\jars\plexus-xml-3.0.1.jar
2024-11-26 12:17:36,117 [Worker-4: Launching mavenrun-17b65865-5efa-4a38-8684-a4d783837084] INFO  o.eclipse.m2e.core.internal.Bundles - 	Entry: D:\eclipse\plugins\org.eclipse.m2e.maven.runtime_3.9.900.20240824-1409\jars\wagon-file-3.5.3.jar
2024-11-26 12:17:36,117 [Worker-4: Launching mavenrun-17b65865-5efa-4a38-8684-a4d783837084] INFO  o.eclipse.m2e.core.internal.Bundles - 	Entry: D:\eclipse\plugins\org.eclipse.m2e.maven.runtime_3.9.900.20240824-1409\jars\wagon-http-3.5.3.jar
2024-11-26 12:17:36,117 [Worker-4: Launching mavenrun-17b65865-5efa-4a38-8684-a4d783837084] INFO  o.eclipse.m2e.core.internal.Bundles - 	Entry: D:\eclipse\plugins\org.eclipse.m2e.maven.runtime_3.9.900.20240824-1409\jars\wagon-http-shared-3.5.3.jar
2024-11-26 12:17:36,118 [Worker-4: Launching mavenrun-17b65865-5efa-4a38-8684-a4d783837084] INFO  o.eclipse.m2e.core.internal.Bundles - 	Entry: D:\eclipse\plugins\org.eclipse.m2e.maven.runtime_3.9.900.20240824-1409\jars\wagon-provider-api-3.5.3.jar
2024-11-26 12:17:36,121 [Worker-4: Launching mavenrun-17b65865-5efa-4a38-8684-a4d783837084] INFO  o.eclipse.m2e.core.internal.Bundles - getClasspathEntries(Bundle=com.google.guava_33.3.0.jre [16])
2024-11-26 12:17:36,122 [Worker-4: Launching mavenrun-17b65865-5efa-4a38-8684-a4d783837084] INFO  o.eclipse.m2e.core.internal.Bundles - 	Entry: D:\eclipse\plugins\com.google.guava_33.3.0.jre.jar
2024-11-26 12:17:36,122 [Worker-4: Launching mavenrun-17b65865-5efa-4a38-8684-a4d783837084] INFO  o.eclipse.m2e.core.internal.Bundles - getClasspathEntries(Bundle=slf4j.api_2.0.16 [1008])
2024-11-26 12:17:36,122 [Worker-4: Launching mavenrun-17b65865-5efa-4a38-8684-a4d783837084] INFO  o.eclipse.m2e.core.internal.Bundles - 	Entry: D:\eclipse\plugins\slf4j.api_2.0.16.jar
2024-11-26 12:17:36,122 [Worker-4: Launching mavenrun-17b65865-5efa-4a38-8684-a4d783837084] INFO  o.eclipse.m2e.core.internal.Bundles - getClasspathEntries(Bundle=jakarta.inject.jakarta.inject-api_1.0.5 [34])
2024-11-26 12:17:36,122 [Worker-4: Launching mavenrun-17b65865-5efa-4a38-8684-a4d783837084] INFO  o.eclipse.m2e.core.internal.Bundles - 	Entry: D:\eclipse\plugins\jakarta.inject.jakarta.inject-api_1.0.5.jar
2024-11-26 12:17:36,122 [Worker-4: Launching mavenrun-17b65865-5efa-4a38-8684-a4d783837084] INFO  o.eclipse.m2e.core.internal.Bundles - getClasspathEntries(Bundle=jakarta.annotation-api_1.3.5 [29])
2024-11-26 12:17:36,122 [Worker-4: Launching mavenrun-17b65865-5efa-4a38-8684-a4d783837084] INFO  o.eclipse.m2e.core.internal.Bundles - 	Entry: D:\eclipse\plugins\jakarta.annotation-api_1.3.5.jar
2024-11-26 12:17:36,122 [Worker-4: Launching mavenrun-17b65865-5efa-4a38-8684-a4d783837084] INFO  o.eclipse.m2e.core.internal.Bundles - getClasspathEntries(Bundle=org.apache.commons.cli_1.9.0 [78])
2024-11-26 12:17:36,122 [Worker-4: Launching mavenrun-17b65865-5efa-4a38-8684-a4d783837084] INFO  o.eclipse.m2e.core.internal.Bundles - 	Entry: D:\eclipse\plugins\org.apache.commons.cli_1.9.0.jar
2024-11-26 12:17:36,122 [Worker-4: Launching mavenrun-17b65865-5efa-4a38-8684-a4d783837084] INFO  o.eclipse.m2e.core.internal.Bundles - getClasspathEntries(Bundle=org.apache.commons.commons-codec_1.16.0 [81])
2024-11-26 12:17:36,123 [Worker-4: Launching mavenrun-17b65865-5efa-4a38-8684-a4d783837084] INFO  o.eclipse.m2e.core.internal.Bundles - 	Entry: D:\eclipse\plugins\org.apache.commons.commons-codec_1.16.0.jar
2024-11-26 12:17:36,123 [Worker-4: Launching mavenrun-17b65865-5efa-4a38-8684-a4d783837084] INFO  o.eclipse.m2e.core.internal.Bundles - getClasspathEntries(Bundle=com.google.guava.failureaccess_1.0.2 [17])
2024-11-26 12:17:36,123 [Worker-4: Launching mavenrun-17b65865-5efa-4a38-8684-a4d783837084] INFO  o.eclipse.m2e.core.internal.Bundles - 	Entry: D:\eclipse\plugins\com.google.guava.failureaccess_1.0.2.jar
2024-11-26 12:17:36,134 [Worker-4: Launching mavenrun-17b65865-5efa-4a38-8684-a4d783837084] INFO  o.e.m.i.launch.MavenLaunchDelegate - Run build in "C:\Users\yoges\AppData\Local\Temp\m2e-archetypeGenerator9412396847390216487":
2024-11-26 12:17:36,141 [Worker-4: Launching mavenrun-17b65865-5efa-4a38-8684-a4d783837084] INFO  o.e.m.i.launch.MavenLaunchDelegate -  mvn  -DarchetypeGroupId=org.apache.maven.archetypes -DarchetypeArtifactId=maven-archetype-webapp -DarchetypeVersion=1.0 -DgroupId=Spring_Web -DartifactId=Spring_Web -Dversion=0.0.1-SNAPSHOT -Dpackage=com.mycompany -DoutputDirectory=D:\Spring_Web -Dstyle.color=always -U archetype:generate
2024-11-26 12:18:12,183 [Worker-11: Creating maven-archetype-webapp] INFO  o.e.m.c.i.p.ProjectConfigurationManager - Collecting project info '/pom.xml' D:\Spring_Web\Spring_Web\pom.xml
2024-11-26 12:18:13,795 [Worker-11: Creating maven-archetype-webapp] INFO  o.e.m.c.i.l.LifecycleMappingFactory - Using org.maven.ide.eclipse.wtp.WarLifecycleMapping lifecycle mapping for MavenProject: Spring_Web:Spring_Web:0.0.1-SNAPSHOT @ D:\Spring_Web\Spring_Web\pom.xml.
2024-11-26 12:18:16,504 [Worker-11: Creating maven-archetype-webapp] INFO  o.e.m.j.i.AbstractJavaProjectConfigurator - Adding source folder /Spring_Web/src/main/java
2024-11-26 12:18:16,508 [Worker-11: Creating maven-archetype-webapp] INFO  o.e.m.j.i.AbstractJavaProjectConfigurator - Adding resource folder /Spring_Web/src/main/resources
2024-11-26 12:18:16,509 [Worker-11: Creating maven-archetype-webapp] INFO  o.e.m.j.i.AbstractJavaProjectConfigurator - Adding source folder /Spring_Web/src/test/java
2024-11-26 12:18:16,510 [Worker-11: Creating maven-archetype-webapp] INFO  o.e.m.j.i.AbstractJavaProjectConfigurator - Adding resource folder /Spring_Web/src/test/resources
2024-11-26 12:18:18,282 [Worker-11: Creating maven-archetype-webapp] INFO  o.e.m.c.i.p.ProjectConfigurationManager - Imported and configured 1 project(s) in 6 sec
2024-11-26 12:18:19,266 [Worker-6: Building] WARN  o.a.m.s.f.DefaultMavenResourcesFiltering - Using platform encoding (UTF-8 actually) to copy filtered resources, i.e. build is platform dependent!
2024-11-26 12:18:19,276 [Worker-6: Building] INFO  o.a.m.s.f.DefaultMavenResourcesFiltering - Copying 0 resource from src\main\resources to target\classes
2024-11-26 12:18:19,284 [Worker-6: Building] WARN  o.a.m.s.f.DefaultMavenResourcesFiltering - Using platform encoding (UTF-8 actually) to copy filtered resources, i.e. build is platform dependent!
2024-11-26 12:18:19,285 [Worker-6: Building] INFO  o.a.m.s.f.DefaultMavenResourcesFiltering - skip non existing resourceDirectory D:\Spring_Web\Spring_Web\src\test\resources
2024-11-26 12:21:11,806 [Worker-13: Building] WARN  o.a.m.s.f.DefaultMavenResourcesFiltering - Using platform encoding (UTF-8 actually) to copy filtered resources, i.e. build is platform dependent!
2024-11-26 12:21:11,814 [Worker-13: Building] INFO  o.a.m.s.f.DefaultMavenResourcesFiltering - Copying 0 resource from src\main\resources to target\classes
2024-11-26 12:21:11,821 [Worker-13: Building] WARN  o.a.m.s.f.DefaultMavenResourcesFiltering - Using platform encoding (UTF-8 actually) to copy filtered resources, i.e. build is platform dependent!
2024-11-26 12:21:11,823 [Worker-13: Building] INFO  o.a.m.s.f.DefaultMavenResourcesFiltering - Copying 0 resource from src\test\resources to target\test-classes
2024-11-26 12:21:17,345 [Worker-22: Building] WARN  o.a.m.s.f.DefaultMavenResourcesFiltering - Using platform encoding (UTF-8 actually) to copy filtered resources, i.e. build is platform dependent!
2024-11-26 12:21:17,346 [Worker-22: Building] INFO  o.a.m.s.f.DefaultMavenResourcesFiltering - Copying 0 resource from src\main\resources to target\classes
2024-11-26 12:21:17,351 [Worker-22: Building] WARN  o.a.m.s.f.DefaultMavenResourcesFiltering - Using platform encoding (UTF-8 actually) to copy filtered resources, i.e. build is platform dependent!
2024-11-26 12:21:17,353 [Worker-22: Building] INFO  o.a.m.s.f.DefaultMavenResourcesFiltering - Copying 0 resource from src\test\resources to target\test-classes
2024-11-26 12:21:21,950 [Worker-15: https://download.eclipse.org/jetty/updates/jetty-wtp/1.0.0.201012221052/site.xml] INFO  o.a.h.c.h.i.c.HttpRequestRetryExec - Recoverable I/O exception (java.net.SocketException) caught when processing request to {s}->https://archive.eclipse.org:443
2024-11-26 12:29:53,389 [Worker-24: Building] INFO  o.e.m.c.i.l.LifecycleMappingFactory - Using org.maven.ide.eclipse.wtp.WarLifecycleMapping lifecycle mapping for MavenProject: Spring_Web:Spring_Web:0.0.1-SNAPSHOT @ D:\Spring_Web\Spring_Web\pom.xml.
2024-11-26 12:29:53,757 [Worker-24: Building] INFO  o.e.m.c.i.e.AbstractTransferListenerAdapter - Downloading https://repo.maven.apache.org/maven2/org/springframework/spring-webmvc/6.0.21/spring-webmvc-6.0.21.pom
2024-11-26 12:29:53,790 [Worker-24: Building] INFO  o.e.m.c.i.e.AbstractTransferListenerAdapter - Downloaded https://repo.maven.apache.org/maven2/org/springframework/spring-webmvc/6.0.21/spring-webmvc-6.0.21.pom
2024-11-26 12:29:53,905 [Worker-24: Building] INFO  o.e.m.c.i.e.AbstractTransferListenerAdapter - Downloading https://repo.maven.apache.org/maven2/org/springframework/spring-aop/6.0.21/spring-aop-6.0.21.pom
2024-11-26 12:29:53,931 [Worker-24: Building] INFO  o.e.m.c.i.e.AbstractTransferListenerAdapter - Downloaded https://repo.maven.apache.org/maven2/org/springframework/spring-aop/6.0.21/spring-aop-6.0.21.pom
2024-11-26 12:29:54,039 [Worker-24: Building] INFO  o.e.m.c.i.e.AbstractTransferListenerAdapter - Downloading https://repo.maven.apache.org/maven2/org/springframework/spring-beans/6.0.21/spring-beans-6.0.21.pom
2024-11-26 12:29:54,073 [Worker-24: Building] INFO  o.e.m.c.i.e.AbstractTransferListenerAdapter - Downloaded https://repo.maven.apache.org/maven2/org/springframework/spring-beans/6.0.21/spring-beans-6.0.21.pom
2024-11-26 12:29:54,193 [Worker-24: Building] INFO  o.e.m.c.i.e.AbstractTransferListenerAdapter - Downloading https://repo.maven.apache.org/maven2/org/springframework/spring-context/6.0.21/spring-context-6.0.21.pom
2024-11-26 12:29:54,217 [Worker-24: Building] INFO  o.e.m.c.i.e.AbstractTransferListenerAdapter - Downloaded https://repo.maven.apache.org/maven2/org/springframework/spring-context/6.0.21/spring-context-6.0.21.pom
2024-11-26 12:29:54,339 [Worker-24: Building] INFO  o.e.m.c.i.e.AbstractTransferListenerAdapter - Downloading https://repo.maven.apache.org/maven2/org/springframework/spring-expression/6.0.21/spring-expression-6.0.21.pom
2024-11-26 12:29:54,364 [Worker-24: Building] INFO  o.e.m.c.i.e.AbstractTransferListenerAdapter - Downloaded https://repo.maven.apache.org/maven2/org/springframework/spring-expression/6.0.21/spring-expression-6.0.21.pom
2024-11-26 12:29:54,510 [Worker-24: Building] INFO  o.e.m.c.i.e.AbstractTransferListenerAdapter - Downloading https://repo.maven.apache.org/maven2/org/springframework/spring-web/6.0.21/spring-web-6.0.21.pom
2024-11-26 12:29:54,530 [Worker-24: Building] INFO  o.e.m.c.i.e.AbstractTransferListenerAdapter - Downloaded https://repo.maven.apache.org/maven2/org/springframework/spring-web/6.0.21/spring-web-6.0.21.pom
2024-11-26 12:29:54,875 [Worker-24: Building] INFO  o.e.m.c.i.e.AbstractTransferListenerAdapter - Downloading https://repo.maven.apache.org/maven2/io/micrometer/micrometer-observation/1.10.13/micrometer-observation-1.10.13.pom
2024-11-26 12:29:54,899 [Worker-24: Building] INFO  o.e.m.c.i.e.AbstractTransferListenerAdapter - Downloaded https://repo.maven.apache.org/maven2/io/micrometer/micrometer-observation/1.10.13/micrometer-observation-1.10.13.pom
2024-11-26 12:29:55,097 [Worker-24: Building] INFO  o.e.m.c.i.e.AbstractTransferListenerAdapter - Downloading https://repo.maven.apache.org/maven2/io/micrometer/micrometer-commons/1.10.13/micrometer-commons-1.10.13.pom
2024-11-26 12:29:55,141 [Worker-24: Building] INFO  o.e.m.c.i.e.AbstractTransferListenerAdapter - Downloaded https://repo.maven.apache.org/maven2/io/micrometer/micrometer-commons/1.10.13/micrometer-commons-1.10.13.pom
2024-11-26 12:29:55,230 [Worker-24: Building] INFO  o.e.m.c.i.e.AbstractTransferListenerAdapter - Downloading https://repo.maven.apache.org/maven2/org/springframework/spring-webmvc/6.0.21/spring-webmvc-6.0.21.jar
2024-11-26 12:29:56,607 [Worker-24: Building] INFO  o.e.m.c.i.e.AbstractTransferListenerAdapter - Downloaded https://repo.maven.apache.org/maven2/org/springframework/spring-webmvc/6.0.21/spring-webmvc-6.0.21.jar
2024-11-26 12:29:56,759 [BasicRepositoryConnector-repo.maven.apache.org-0-0] INFO  o.e.m.c.i.e.AbstractTransferListenerAdapter - Downloading https://repo.maven.apache.org/maven2/org/springframework/spring-aop/6.0.21/spring-aop-6.0.21.jar
2024-11-26 12:29:56,974 [BasicRepositoryConnector-repo.maven.apache.org-0-4] INFO  o.e.m.c.i.e.AbstractTransferListenerAdapter - Downloading https://repo.maven.apache.org/maven2/org/springframework/spring-web/6.0.21/spring-web-6.0.21.jar
2024-11-26 12:29:56,981 [BasicRepositoryConnector-repo.maven.apache.org-0-1] INFO  o.e.m.c.i.e.AbstractTransferListenerAdapter - Downloading https://repo.maven.apache.org/maven2/org/springframework/spring-beans/6.0.21/spring-beans-6.0.21.jar
2024-11-26 12:29:56,990 [BasicRepositoryConnector-repo.maven.apache.org-0-3] INFO  o.e.m.c.i.e.AbstractTransferListenerAdapter - Downloading https://repo.maven.apache.org/maven2/org/springframework/spring-expression/6.0.21/spring-expression-6.0.21.jar
2024-11-26 12:29:57,031 [BasicRepositoryConnector-repo.maven.apache.org-0-2] INFO  o.e.m.c.i.e.AbstractTransferListenerAdapter - Downloading https://repo.maven.apache.org/maven2/org/springframework/spring-context/6.0.21/spring-context-6.0.21.jar
2024-11-26 12:29:57,092 [BasicRepositoryConnector-repo.maven.apache.org-0-0] INFO  o.e.m.c.i.e.AbstractTransferListenerAdapter - Downloaded https://repo.maven.apache.org/maven2/org/springframework/spring-aop/6.0.21/spring-aop-6.0.21.jar
2024-11-26 12:29:57,199 [BasicRepositoryConnector-repo.maven.apache.org-0-0] INFO  o.e.m.c.i.e.AbstractTransferListenerAdapter - Downloading https://repo.maven.apache.org/maven2/io/micrometer/micrometer-observation/1.10.13/micrometer-observation-1.10.13.jar
2024-11-26 12:29:57,509 [BasicRepositoryConnector-repo.maven.apache.org-0-0] INFO  o.e.m.c.i.e.AbstractTransferListenerAdapter - Downloaded https://repo.maven.apache.org/maven2/io/micrometer/micrometer-observation/1.10.13/micrometer-observation-1.10.13.jar
2024-11-26 12:29:57,732 [BasicRepositoryConnector-repo.maven.apache.org-0-0] INFO  o.e.m.c.i.e.AbstractTransferListenerAdapter - Downloading https://repo.maven.apache.org/maven2/io/micrometer/micrometer-commons/1.10.13/micrometer-commons-1.10.13.jar
2024-11-26 12:29:58,262 [BasicRepositoryConnector-repo.maven.apache.org-0-0] INFO  o.e.m.c.i.e.AbstractTransferListenerAdapter - Downloaded https://repo.maven.apache.org/maven2/io/micrometer/micrometer-commons/1.10.13/micrometer-commons-1.10.13.jar
2024-11-26 12:30:00,334 [BasicRepositoryConnector-repo.maven.apache.org-0-3] INFO  o.e.m.c.i.e.AbstractTransferListenerAdapter - Downloaded https://repo.maven.apache.org/maven2/org/springframework/spring-expression/6.0.21/spring-expression-6.0.21.jar
2024-11-26 12:30:00,852 [BasicRepositoryConnector-repo.maven.apache.org-0-1] INFO  o.e.m.c.i.e.AbstractTransferListenerAdapter - Downloaded https://repo.maven.apache.org/maven2/org/springframework/spring-beans/6.0.21/spring-beans-6.0.21.jar
2024-11-26 12:30:02,989 [BasicRepositoryConnector-repo.maven.apache.org-0-2] INFO  o.e.m.c.i.e.AbstractTransferListenerAdapter - Downloaded https://repo.maven.apache.org/maven2/org/springframework/spring-context/6.0.21/spring-context-6.0.21.jar
2024-11-26 12:30:03,173 [BasicRepositoryConnector-repo.maven.apache.org-0-4] INFO  o.e.m.c.i.e.AbstractTransferListenerAdapter - Downloaded https://repo.maven.apache.org/maven2/org/springframework/spring-web/6.0.21/spring-web-6.0.21.jar
2024-11-26 12:30:04,279 [Worker-24: Building] WARN  o.a.m.s.f.DefaultMavenResourcesFiltering - Using platform encoding (UTF-8 actually) to copy filtered resources, i.e. build is platform dependent!
2024-11-26 12:30:04,284 [Worker-24: Building] INFO  o.a.m.s.f.DefaultMavenResourcesFiltering - Copying 0 resource from src\main\resources to target\classes
2024-11-26 12:30:04,291 [Worker-24: Building] WARN  o.a.m.s.f.DefaultMavenResourcesFiltering - Using platform encoding (UTF-8 actually) to copy filtered resources, i.e. build is platform dependent!
2024-11-26 12:30:04,292 [Worker-24: Building] INFO  o.a.m.s.f.DefaultMavenResourcesFiltering - Copying 0 resource from src\test\resources to target\test-classes
2024-11-26 12:30:04,293 [Worker-24: Building] INFO  o.e.m.w.i.f.ResourceFilteringBuildParticipant - Changed resources require a complete clean of filtered resources of Spring_Web
2024-11-26 12:30:04,295 [Worker-24: Building] INFO  o.e.m.w.i.f.ResourceFilteringBuildParticipant - Executing resource filtering for Spring_Web
2024-11-26 12:30:04,471 [Worker-24: Updating Maven Project] INFO  o.e.m.c.i.p.ProjectConfigurationManager - Update started
2024-11-26 12:30:04,889 [Worker-24: Updating Maven Project] INFO  o.e.m.c.i.l.LifecycleMappingFactory - Using org.maven.ide.eclipse.wtp.WarLifecycleMapping lifecycle mapping for MavenProject: Spring_Web:Spring_Web:0.0.1-SNAPSHOT @ D:\Spring_Web\Spring_Web\pom.xml.
2024-11-26 12:30:05,214 [Worker-28: Download sources and javadoc] INFO  o.e.m.c.i.e.AbstractTransferListenerAdapter - Downloading https://repo.maven.apache.org/maven2/org/springframework/spring-webmvc/6.0.21/spring-webmvc-6.0.21-sources.jar
2024-11-26 12:30:05,801 [Worker-24: Updating Maven Project] INFO  o.e.m.j.i.AbstractJavaProjectConfigurator - Adding source folder /Spring_Web/src/main/java
2024-11-26 12:30:05,803 [Worker-24: Updating Maven Project] INFO  o.e.m.j.i.AbstractJavaProjectConfigurator - Adding resource folder /Spring_Web/src/main/resources
2024-11-26 12:30:05,804 [Worker-24: Updating Maven Project] INFO  o.e.m.j.i.AbstractJavaProjectConfigurator - Adding source folder /Spring_Web/src/test/java
2024-11-26 12:30:05,805 [Worker-24: Updating Maven Project] INFO  o.e.m.j.i.AbstractJavaProjectConfigurator - Adding resource folder /Spring_Web/src/test/resources
2024-11-26 12:30:05,915 [Worker-28: Download sources and javadoc] INFO  o.e.m.c.i.e.AbstractTransferListenerAdapter - Downloaded https://repo.maven.apache.org/maven2/org/springframework/spring-webmvc/6.0.21/spring-webmvc-6.0.21-sources.jar
2024-11-26 12:30:05,924 [Worker-28: Download sources and javadoc] INFO  o.e.m.j.internal.DownloadSourcesJob - Downloaded sources for org.springframework:spring-webmvc:6.0.21
2024-11-26 12:30:06,308 [Worker-28: Download sources and javadoc] INFO  o.e.m.c.i.e.AbstractTransferListenerAdapter - Downloading https://repo.maven.apache.org/maven2/org/springframework/spring-aop/6.0.21/spring-aop-6.0.21-sources.jar
2024-11-26 12:30:06,419 [Worker-24: Updating Maven Project] INFO  o.e.m.w.i.f.ResourceFilteringBuildParticipant - Cleaning filtered folder for Spring_Web
2024-11-26 12:30:06,432 [Worker-24: Updating Maven Project] INFO  o.e.m.c.i.p.ProjectConfigurationManager - Update completed for 1 poms: local refresh takes 0.00 sec, refresh facades takes 1.00 sec, update config takes 0.00 sec 
2024-11-26 12:30:06,560 [Worker-28: Download sources and javadoc] INFO  o.e.m.c.i.e.AbstractTransferListenerAdapter - Downloaded https://repo.maven.apache.org/maven2/org/springframework/spring-aop/6.0.21/spring-aop-6.0.21-sources.jar
2024-11-26 12:30:06,567 [Worker-28: Download sources and javadoc] INFO  o.e.m.j.internal.DownloadSourcesJob - Downloaded sources for org.springframework:spring-aop:6.0.21
2024-11-26 12:30:06,761 [Worker-28: Download sources and javadoc] INFO  o.e.m.c.i.e.AbstractTransferListenerAdapter - Downloading https://repo.maven.apache.org/maven2/org/springframework/spring-beans/6.0.21/spring-beans-6.0.21-sources.jar
2024-11-26 12:30:06,860 [Worker-25: Building] WARN  o.a.m.s.f.DefaultMavenResourcesFiltering - Using platform encoding (UTF-8 actually) to copy filtered resources, i.e. build is platform dependent!
2024-11-26 12:30:06,862 [Worker-25: Building] INFO  o.a.m.s.f.DefaultMavenResourcesFiltering - Copying 0 resource from src\main\resources to target\classes
2024-11-26 12:30:06,868 [Worker-25: Building] WARN  o.a.m.s.f.DefaultMavenResourcesFiltering - Using platform encoding (UTF-8 actually) to copy filtered resources, i.e. build is platform dependent!
2024-11-26 12:30:06,872 [Worker-25: Building] INFO  o.a.m.s.f.DefaultMavenResourcesFiltering - Copying 0 resource from src\test\resources to target\test-classes
2024-11-26 12:30:06,874 [Worker-25: Building] INFO  o.e.m.w.i.f.ResourceFilteringBuildParticipant - Changed resources require a complete clean of filtered resources of Spring_Web
2024-11-26 12:30:06,874 [Worker-25: Building] INFO  o.e.m.w.i.f.ResourceFilteringBuildParticipant - Executing resource filtering for Spring_Web
2024-11-26 12:30:07,311 [Worker-28: Download sources and javadoc] INFO  o.e.m.c.i.e.AbstractTransferListenerAdapter - Downloaded https://repo.maven.apache.org/maven2/org/springframework/spring-beans/6.0.21/spring-beans-6.0.21-sources.jar
2024-11-26 12:30:07,317 [Worker-28: Download sources and javadoc] INFO  o.e.m.j.internal.DownloadSourcesJob - Downloaded sources for org.springframework:spring-beans:6.0.21
2024-11-26 12:30:07,528 [Worker-28: Download sources and javadoc] INFO  o.e.m.c.i.e.AbstractTransferListenerAdapter - Downloading https://repo.maven.apache.org/maven2/org/springframework/spring-context/6.0.21/spring-context-6.0.21-sources.jar
2024-11-26 12:30:08,485 [Worker-28: Download sources and javadoc] INFO  o.e.m.c.i.e.AbstractTransferListenerAdapter - Downloaded https://repo.maven.apache.org/maven2/org/springframework/spring-context/6.0.21/spring-context-6.0.21-sources.jar
2024-11-26 12:30:08,492 [Worker-28: Download sources and javadoc] INFO  o.e.m.j.internal.DownloadSourcesJob - Downloaded sources for org.springframework:spring-context:6.0.21
2024-11-26 12:30:08,865 [Worker-28: Download sources and javadoc] INFO  o.e.m.c.i.e.AbstractTransferListenerAdapter - Downloading https://repo.maven.apache.org/maven2/org/springframework/spring-expression/6.0.21/spring-expression-6.0.21-sources.jar
2024-11-26 12:30:09,078 [Worker-28: Download sources and javadoc] INFO  o.e.m.c.i.e.AbstractTransferListenerAdapter - Downloaded https://repo.maven.apache.org/maven2/org/springframework/spring-expression/6.0.21/spring-expression-6.0.21-sources.jar
2024-11-26 12:30:09,083 [Worker-28: Download sources and javadoc] INFO  o.e.m.j.internal.DownloadSourcesJob - Downloaded sources for org.springframework:spring-expression:6.0.21
2024-11-26 12:30:09,272 [Worker-28: Download sources and javadoc] INFO  o.e.m.c.i.e.AbstractTransferListenerAdapter - Downloading https://repo.maven.apache.org/maven2/org/springframework/spring-web/6.0.21/spring-web-6.0.21-sources.jar
2024-11-26 12:30:10,449 [Worker-28: Download sources and javadoc] INFO  o.e.m.c.i.e.AbstractTransferListenerAdapter - Downloaded https://repo.maven.apache.org/maven2/org/springframework/spring-web/6.0.21/spring-web-6.0.21-sources.jar
2024-11-26 12:30:10,453 [Worker-28: Download sources and javadoc] INFO  o.e.m.j.internal.DownloadSourcesJob - Downloaded sources for org.springframework:spring-web:6.0.21
2024-11-26 12:30:10,600 [Worker-28: Download sources and javadoc] INFO  o.e.m.c.i.e.AbstractTransferListenerAdapter - Downloading https://repo.maven.apache.org/maven2/io/micrometer/micrometer-observation/1.10.13/micrometer-observation-1.10.13-sources.jar
2024-11-26 12:30:10,694 [Worker-28: Download sources and javadoc] INFO  o.e.m.c.i.e.AbstractTransferListenerAdapter - Downloaded https://repo.maven.apache.org/maven2/io/micrometer/micrometer-observation/1.10.13/micrometer-observation-1.10.13-sources.jar
2024-11-26 12:30:10,698 [Worker-28: Download sources and javadoc] INFO  o.e.m.j.internal.DownloadSourcesJob - Downloaded sources for io.micrometer:micrometer-observation:1.10.13
2024-11-26 12:30:10,850 [Worker-28: Download sources and javadoc] INFO  o.e.m.c.i.e.AbstractTransferListenerAdapter - Downloading https://repo.maven.apache.org/maven2/io/micrometer/micrometer-commons/1.10.13/micrometer-commons-1.10.13-sources.jar
2024-11-26 12:30:11,304 [Worker-28: Download sources and javadoc] INFO  o.e.m.c.i.e.AbstractTransferListenerAdapter - Downloaded https://repo.maven.apache.org/maven2/io/micrometer/micrometer-commons/1.10.13/micrometer-commons-1.10.13-sources.jar
2024-11-26 12:30:11,308 [Worker-28: Download sources and javadoc] INFO  o.e.m.j.internal.DownloadSourcesJob - Downloaded sources for io.micrometer:micrometer-commons:1.10.13
2024-11-26 12:33:06,076 [Worker-31: Building] WARN  o.a.m.s.f.DefaultMavenResourcesFiltering - Using platform encoding (UTF-8 actually) to copy filtered resources, i.e. build is platform dependent!
2024-11-26 12:33:06,079 [Worker-31: Building] INFO  o.a.m.s.f.DefaultMavenResourcesFiltering - Copying 0 resource from src\main\resources to target\classes
2024-11-26 12:33:06,081 [Worker-31: Building] WARN  o.a.m.s.f.DefaultMavenResourcesFiltering - Using platform encoding (UTF-8 actually) to copy filtered resources, i.e. build is platform dependent!
2024-11-26 12:33:06,082 [Worker-31: Building] INFO  o.a.m.s.f.DefaultMavenResourcesFiltering - Copying 0 resource from src\test\resources to target\test-classes
2024-11-26 12:35:19,842 [Worker-33: Building] ERROR o.e.m.c.i.p.r.ProjectRegistryManager - Could not read pom.xml
org.eclipse.core.runtime.CoreException: Could not read pom.xml
	at org.eclipse.m2e.core.internal.IMavenToolbox.readModel(IMavenToolbox.java:245)
	at org.eclipse.m2e.core.internal.project.registry.ProjectRegistryManager.refreshPhase2(ProjectRegistryManager.java:591)
	at org.eclipse.m2e.core.internal.project.registry.ProjectRegistryManager.refresh(ProjectRegistryManager.java:491)
	at org.eclipse.m2e.core.internal.project.registry.ProjectRegistryManager.refresh(ProjectRegistryManager.java:370)
	at org.eclipse.m2e.core.internal.project.registry.ProjectRegistryManager.refresh(ProjectRegistryManager.java:322)
	at org.eclipse.m2e.core.internal.builder.MavenBuilder$BuildMethod.getProjectFacade(MavenBuilder.java:146)
	at org.eclipse.m2e.core.internal.builder.MavenBuilder$BuildMethod.lambda$0(MavenBuilder.java:84)
	at org.eclipse.m2e.core.internal.embedder.MavenExecutionContext.executeBare(MavenExecutionContext.java:458)
	at org.eclipse.m2e.core.internal.embedder.MavenExecutionContext.execute(MavenExecutionContext.java:339)
	at org.eclipse.m2e.core.internal.embedder.MavenExecutionContext.execute(MavenExecutionContext.java:278)
	at org.eclipse.m2e.core.internal.builder.MavenBuilder$BuildMethod.execute(MavenBuilder.java:83)
	at org.eclipse.m2e.core.internal.builder.MavenBuilder.build(MavenBuilder.java:192)
	at org.eclipse.core.internal.events.BuildManager$2.run(BuildManager.java:1077)
	at org.eclipse.core.runtime.SafeRunner.run(SafeRunner.java:47)
	at org.eclipse.core.internal.events.BuildManager.basicBuild(BuildManager.java:296)
	at org.eclipse.core.internal.events.BuildManager.basicBuild(BuildManager.java:352)
	at org.eclipse.core.internal.events.BuildManager$1.run(BuildManager.java:441)
	at org.eclipse.core.runtime.SafeRunner.run(SafeRunner.java:47)
	at org.eclipse.core.internal.events.BuildManager.basicBuild(BuildManager.java:444)
	at org.eclipse.core.internal.events.BuildManager.basicBuildLoop(BuildManager.java:555)
	at org.eclipse.core.internal.events.BuildManager.basicBuildLoop(BuildManager.java:503)
	at org.eclipse.core.internal.events.BuildManager.build(BuildManager.java:585)
	at org.eclipse.core.internal.events.AutoBuildJob.doBuild(AutoBuildJob.java:207)
	at org.eclipse.core.internal.events.AutoBuildJob.run(AutoBuildJob.java:300)
	at org.eclipse.core.internal.jobs.Worker.run(Worker.java:63)
Caused by: org.apache.maven.model.io.ModelParseException: Unrecognised tag: 'dependency' (position: START_TAG seen ...<dependency>\r\n\r\n    <dependency>... @38:17) 
	at org.apache.maven.model.io.DefaultModelReader.read(DefaultModelReader.java:96)
	at org.apache.maven.model.io.DefaultModelReader.read(DefaultModelReader.java:74)
	at org.eclipse.m2e.core.internal.IMavenToolbox.readModel(IMavenToolbox.java:243)
	... 24 common frames omitted
Caused by: org.codehaus.plexus.util.xml.pull.XmlPullParserException: Unrecognised tag: 'dependency' (position: START_TAG seen ...<dependency>\r\n\r\n    <dependency>... @38:17) 
	at org.apache.maven.model.io.xpp3.MavenXpp3Reader.checkUnknownElement(MavenXpp3Reader.java:181)
	at org.apache.maven.model.io.xpp3.MavenXpp3Reader.parseDependency(MavenXpp3Reader.java:1474)
	at org.apache.maven.model.io.xpp3.MavenXpp3Reader.parseModel(MavenXpp3Reader.java:2321)
	at org.apache.maven.model.io.xpp3.MavenXpp3Reader.read(MavenXpp3Reader.java:623)
	at org.apache.maven.model.io.xpp3.MavenXpp3Reader.read(MavenXpp3Reader.java:654)
	at org.apache.maven.model.io.DefaultModelReader.read(DefaultModelReader.java:93)
	... 26 common frames omitted
2024-11-26 12:35:30,379 [Worker-32: Building] INFO  o.e.m.c.i.l.LifecycleMappingFactory - Using org.maven.ide.eclipse.wtp.WarLifecycleMapping lifecycle mapping for MavenProject: Spring_Web:Spring_Web:0.0.1-SNAPSHOT @ D:\Spring_Web\Spring_Web\pom.xml.
2024-11-26 12:35:31,262 [Worker-32: Building] WARN  o.a.m.s.f.DefaultMavenResourcesFiltering - Using platform encoding (UTF-8 actually) to copy filtered resources, i.e. build is platform dependent!
2024-11-26 12:35:31,265 [Worker-32: Building] INFO  o.a.m.s.f.DefaultMavenResourcesFiltering - Copying 0 resource from src\main\resources to target\classes
2024-11-26 12:35:31,271 [Worker-32: Building] WARN  o.a.m.s.f.DefaultMavenResourcesFiltering - Using platform encoding (UTF-8 actually) to copy filtered resources, i.e. build is platform dependent!
2024-11-26 12:35:31,273 [Worker-32: Building] INFO  o.a.m.s.f.DefaultMavenResourcesFiltering - Copying 0 resource from src\test\resources to target\test-classes
2024-11-26 12:35:31,274 [Worker-32: Building] INFO  o.e.m.w.i.f.ResourceFilteringBuildParticipant - Changed resources require a complete clean of filtered resources of Spring_Web
2024-11-26 12:35:31,274 [Worker-32: Building] INFO  o.e.m.w.i.f.ResourceFilteringBuildParticipant - Executing resource filtering for Spring_Web
2024-11-26 12:45:58,062 [Worker-39: Building] WARN  o.a.m.s.f.DefaultMavenResourcesFiltering - Using platform encoding (UTF-8 actually) to copy filtered resources, i.e. build is platform dependent!
2024-11-26 12:45:58,064 [Worker-39: Building] INFO  o.a.m.s.f.DefaultMavenResourcesFiltering - Copying 0 resource from src\main\resources to target\classes
2024-11-26 12:45:58,067 [Worker-39: Building] WARN  o.a.m.s.f.DefaultMavenResourcesFiltering - Using platform encoding (UTF-8 actually) to copy filtered resources, i.e. build is platform dependent!
2024-11-26 12:45:58,068 [Worker-39: Building] INFO  o.a.m.s.f.DefaultMavenResourcesFiltering - Copying 0 resource from src\test\resources to target\test-classes
2024-11-26 12:46:53,720 [Worker-40: Building] WARN  o.a.m.s.f.DefaultMavenResourcesFiltering - Using platform encoding (UTF-8 actually) to copy filtered resources, i.e. build is platform dependent!
2024-11-26 12:46:53,721 [Worker-40: Building] INFO  o.a.m.s.f.DefaultMavenResourcesFiltering - Copying 0 resource from src\main\resources to target\classes
2024-11-26 12:46:53,724 [Worker-40: Building] WARN  o.a.m.s.f.DefaultMavenResourcesFiltering - Using platform encoding (UTF-8 actually) to copy filtered resources, i.e. build is platform dependent!
2024-11-26 12:46:53,725 [Worker-40: Building] INFO  o.a.m.s.f.DefaultMavenResourcesFiltering - Copying 0 resource from src\test\resources to target\test-classes
2024-11-26 12:49:10,269 [Worker-36: Updating Maven Project] INFO  o.e.m.c.i.p.ProjectConfigurationManager - Update started
2024-11-26 12:49:10,436 [Worker-36: Updating Maven Project] INFO  o.e.m.c.i.l.LifecycleMappingFactory - Using org.maven.ide.eclipse.wtp.WarLifecycleMapping lifecycle mapping for MavenProject: Spring_Web:Spring_Web:0.0.1-SNAPSHOT @ D:\Spring_Web\Spring_Web\pom.xml.
2024-11-26 12:49:11,029 [Worker-36: Updating Maven Project] INFO  o.e.m.j.i.AbstractJavaProjectConfigurator - Adding source folder /Spring_Web/src/main/java
2024-11-26 12:49:11,030 [Worker-36: Updating Maven Project] INFO  o.e.m.j.i.AbstractJavaProjectConfigurator - Adding resource folder /Spring_Web/src/main/resources
2024-11-26 12:49:11,030 [Worker-36: Updating Maven Project] INFO  o.e.m.j.i.AbstractJavaProjectConfigurator - Adding source folder /Spring_Web/src/test/java
2024-11-26 12:49:11,030 [Worker-36: Updating Maven Project] INFO  o.e.m.j.i.AbstractJavaProjectConfigurator - Adding resource folder /Spring_Web/src/test/resources
2024-11-26 12:49:11,712 [Worker-36: Updating Maven Project] INFO  o.e.m.w.i.f.ResourceFilteringBuildParticipant - Cleaning filtered folder for Spring_Web
2024-11-26 12:49:11,723 [Worker-36: Updating Maven Project] INFO  o.e.m.c.i.p.ProjectConfigurationManager - Update completed for 1 poms: local refresh takes 0.00 sec, refresh facades takes 0.00 sec, update config takes 0.00 sec 
2024-11-26 12:49:11,854 [Worker-40: Building] WARN  o.a.m.s.f.DefaultMavenResourcesFiltering - Using platform encoding (UTF-8 actually) to copy filtered resources, i.e. build is platform dependent!
2024-11-26 12:49:11,855 [Worker-40: Building] INFO  o.a.m.s.f.DefaultMavenResourcesFiltering - Copying 0 resource from src\main\resources to target\classes
2024-11-26 12:49:11,858 [Worker-40: Building] WARN  o.a.m.s.f.DefaultMavenResourcesFiltering - Using platform encoding (UTF-8 actually) to copy filtered resources, i.e. build is platform dependent!
2024-11-26 12:49:11,860 [Worker-40: Building] INFO  o.a.m.s.f.DefaultMavenResourcesFiltering - Copying 0 resource from src\test\resources to target\test-classes
2024-11-26 12:49:11,860 [Worker-40: Building] INFO  o.e.m.w.i.f.ResourceFilteringBuildParticipant - Changed resources require a complete clean of filtered resources of Spring_Web
2024-11-26 12:49:11,860 [Worker-40: Building] INFO  o.e.m.w.i.f.ResourceFilteringBuildParticipant - Executing resource filtering for Spring_Web
2024-11-26 12:53:49,650 [Worker-6: Loading available Gradle versions] INFO  o.e.b.c.i.u.g.PublishedGradleVersions - Gradle version information cache is up-to-date. Trying to read.
2024-11-26 12:55:32,418 [Worker-11: Loading available Gradle versions] INFO  o.e.b.c.i.u.g.PublishedGradleVersions - Gradle version information cache is up-to-date. Trying to read.
2024-11-26 13:02:37,544 [Worker-25: Building] INFO  o.e.m.c.i.l.LifecycleMappingFactory - Using org.maven.ide.eclipse.wtp.WarLifecycleMapping lifecycle mapping for MavenProject: Spring_Web:Spring_Web:0.0.1-SNAPSHOT @ D:\Spring_Web\Spring_Web\pom.xml.
2024-11-26 13:02:38,639 [Worker-25: Building] WARN  o.a.m.s.f.DefaultMavenResourcesFiltering - Using platform encoding (UTF-8 actually) to copy filtered resources, i.e. build is platform dependent!
2024-11-26 13:02:38,644 [Worker-25: Building] INFO  o.a.m.s.f.DefaultMavenResourcesFiltering - Copying 0 resource from src\main\resources to target\classes
2024-11-26 13:02:38,651 [Worker-25: Building] WARN  o.a.m.s.f.DefaultMavenResourcesFiltering - Using platform encoding (UTF-8 actually) to copy filtered resources, i.e. build is platform dependent!
2024-11-26 13:02:38,652 [Worker-25: Building] INFO  o.a.m.s.f.DefaultMavenResourcesFiltering - Copying 0 resource from src\test\resources to target\test-classes
2024-11-26 13:02:38,654 [Worker-25: Building] INFO  o.e.m.w.i.f.ResourceFilteringBuildParticipant - Changed resources require a complete clean of filtered resources of Spring_Web
2024-11-26 13:02:38,655 [Worker-25: Building] INFO  o.e.m.w.i.f.ResourceFilteringBuildParticipant - Executing resource filtering for Spring_Web
2024-11-26 13:04:11,199 [Worker-27: Building] INFO  o.e.m.c.i.l.LifecycleMappingFactory - Using org.maven.ide.eclipse.wtp.WarLifecycleMapping lifecycle mapping for MavenProject: Spring_Web:Spring_Web:0.0.1-SNAPSHOT @ D:\Spring_Web\Spring_Web\pom.xml.
2024-11-26 13:04:11,574 [Worker-27: Building] INFO  o.e.m.c.i.e.AbstractTransferListenerAdapter - Downloading https://repo.maven.apache.org/maven2/org/springframework/spring-webmvc/4.3.3.RELEASE/spring-webmvc-4.3.3.RELEASE.pom
2024-11-26 13:04:11,610 [Worker-27: Building] INFO  o.e.m.c.i.e.AbstractTransferListenerAdapter - Downloaded https://repo.maven.apache.org/maven2/org/springframework/spring-webmvc/4.3.3.RELEASE/spring-webmvc-4.3.3.RELEASE.pom
2024-11-26 13:04:11,728 [Worker-27: Building] INFO  o.e.m.c.i.e.AbstractTransferListenerAdapter - Downloading https://repo.maven.apache.org/maven2/org/springframework/spring-aop/4.3.3.RELEASE/spring-aop-4.3.3.RELEASE.pom
2024-11-26 13:04:11,759 [Worker-27: Building] INFO  o.e.m.c.i.e.AbstractTransferListenerAdapter - Downloaded https://repo.maven.apache.org/maven2/org/springframework/spring-aop/4.3.3.RELEASE/spring-aop-4.3.3.RELEASE.pom
2024-11-26 13:04:11,855 [Worker-27: Building] INFO  o.e.m.c.i.e.AbstractTransferListenerAdapter - Downloading https://repo.maven.apache.org/maven2/org/springframework/spring-beans/4.3.3.RELEASE/spring-beans-4.3.3.RELEASE.pom
2024-11-26 13:04:11,879 [Worker-27: Building] INFO  o.e.m.c.i.e.AbstractTransferListenerAdapter - Downloaded https://repo.maven.apache.org/maven2/org/springframework/spring-beans/4.3.3.RELEASE/spring-beans-4.3.3.RELEASE.pom
2024-11-26 13:04:12,071 [Worker-27: Building] INFO  o.e.m.c.i.e.AbstractTransferListenerAdapter - Downloading https://repo.maven.apache.org/maven2/org/springframework/spring-core/4.3.3.RELEASE/spring-core-4.3.3.RELEASE.pom
2024-11-26 13:04:12,094 [Worker-27: Building] INFO  o.e.m.c.i.e.AbstractTransferListenerAdapter - Downloaded https://repo.maven.apache.org/maven2/org/springframework/spring-core/4.3.3.RELEASE/spring-core-4.3.3.RELEASE.pom
2024-11-26 13:04:12,167 [Worker-27: Building] INFO  o.e.m.c.i.e.AbstractTransferListenerAdapter - Downloading https://repo.maven.apache.org/maven2/commons-logging/commons-logging/1.2/commons-logging-1.2.pom
2024-11-26 13:04:12,212 [Worker-27: Building] INFO  o.e.m.c.i.e.AbstractTransferListenerAdapter - Downloaded https://repo.maven.apache.org/maven2/commons-logging/commons-logging/1.2/commons-logging-1.2.pom
2024-11-26 13:04:12,296 [Worker-27: Building] INFO  o.e.m.c.i.e.AbstractTransferListenerAdapter - Downloading https://repo.maven.apache.org/maven2/org/apache/commons/commons-parent/34/commons-parent-34.pom
2024-11-26 13:04:12,444 [Worker-27: Building] INFO  o.e.m.c.i.e.AbstractTransferListenerAdapter - Downloaded https://repo.maven.apache.org/maven2/org/apache/commons/commons-parent/34/commons-parent-34.pom
2024-11-26 13:04:12,574 [Worker-27: Building] INFO  o.e.m.c.i.e.AbstractTransferListenerAdapter - Downloading https://repo.maven.apache.org/maven2/org/springframework/spring-context/4.3.3.RELEASE/spring-context-4.3.3.RELEASE.pom
2024-11-26 13:04:12,602 [Worker-27: Building] INFO  o.e.m.c.i.e.AbstractTransferListenerAdapter - Downloaded https://repo.maven.apache.org/maven2/org/springframework/spring-context/4.3.3.RELEASE/spring-context-4.3.3.RELEASE.pom
2024-11-26 13:04:12,748 [Worker-27: Building] INFO  o.e.m.c.i.e.AbstractTransferListenerAdapter - Downloading https://repo.maven.apache.org/maven2/org/springframework/spring-expression/4.3.3.RELEASE/spring-expression-4.3.3.RELEASE.pom
2024-11-26 13:04:12,772 [Worker-27: Building] INFO  o.e.m.c.i.e.AbstractTransferListenerAdapter - Downloaded https://repo.maven.apache.org/maven2/org/springframework/spring-expression/4.3.3.RELEASE/spring-expression-4.3.3.RELEASE.pom
2024-11-26 13:04:12,829 [Worker-27: Building] INFO  o.e.m.c.i.e.AbstractTransferListenerAdapter - Downloading https://repo.maven.apache.org/maven2/org/springframework/spring-web/4.3.3.RELEASE/spring-web-4.3.3.RELEASE.pom
2024-11-26 13:04:12,899 [Worker-27: Building] INFO  o.e.m.c.i.e.AbstractTransferListenerAdapter - Downloaded https://repo.maven.apache.org/maven2/org/springframework/spring-web/4.3.3.RELEASE/spring-web-4.3.3.RELEASE.pom
2024-11-26 13:04:13,010 [Worker-27: Building] INFO  o.e.m.c.i.e.AbstractTransferListenerAdapter - Downloading https://repo.maven.apache.org/maven2/org/springframework/spring-webmvc/4.3.3.RELEASE/spring-webmvc-4.3.3.RELEASE.jar
2024-11-26 13:04:13,844 [Worker-27: Building] INFO  o.e.m.c.i.e.AbstractTransferListenerAdapter - Downloaded https://repo.maven.apache.org/maven2/org/springframework/spring-webmvc/4.3.3.RELEASE/spring-webmvc-4.3.3.RELEASE.jar
2024-11-26 13:04:13,971 [BasicRepositoryConnector-repo.maven.apache.org-0-2] INFO  o.e.m.c.i.e.AbstractTransferListenerAdapter - Downloading https://repo.maven.apache.org/maven2/org/springframework/spring-expression/4.3.3.RELEASE/spring-expression-4.3.3.RELEASE.jar
2024-11-26 13:04:14,056 [BasicRepositoryConnector-repo.maven.apache.org-0-1] INFO  o.e.m.c.i.e.AbstractTransferListenerAdapter - Downloading https://repo.maven.apache.org/maven2/org/springframework/spring-beans/4.3.3.RELEASE/spring-beans-4.3.3.RELEASE.jar
2024-11-26 13:04:14,062 [BasicRepositoryConnector-repo.maven.apache.org-0-0] INFO  o.e.m.c.i.e.AbstractTransferListenerAdapter - Downloading https://repo.maven.apache.org/maven2/org/springframework/spring-aop/4.3.3.RELEASE/spring-aop-4.3.3.RELEASE.jar
2024-11-26 13:04:14,068 [BasicRepositoryConnector-repo.maven.apache.org-0-3] INFO  o.e.m.c.i.e.AbstractTransferListenerAdapter - Downloading https://repo.maven.apache.org/maven2/org/springframework/spring-web/4.3.3.RELEASE/spring-web-4.3.3.RELEASE.jar
2024-11-26 13:04:14,148 [BasicRepositoryConnector-repo.maven.apache.org-0-2] INFO  o.e.m.c.i.e.AbstractTransferListenerAdapter - Downloaded https://repo.maven.apache.org/maven2/org/springframework/spring-expression/4.3.3.RELEASE/spring-expression-4.3.3.RELEASE.jar
2024-11-26 13:04:14,388 [BasicRepositoryConnector-repo.maven.apache.org-0-0] INFO  o.e.m.c.i.e.AbstractTransferListenerAdapter - Downloaded https://repo.maven.apache.org/maven2/org/springframework/spring-aop/4.3.3.RELEASE/spring-aop-4.3.3.RELEASE.jar
2024-11-26 13:04:14,518 [BasicRepositoryConnector-repo.maven.apache.org-0-1] INFO  o.e.m.c.i.e.AbstractTransferListenerAdapter - Downloaded https://repo.maven.apache.org/maven2/org/springframework/spring-beans/4.3.3.RELEASE/spring-beans-4.3.3.RELEASE.jar
2024-11-26 13:04:14,850 [BasicRepositoryConnector-repo.maven.apache.org-0-3] INFO  o.e.m.c.i.e.AbstractTransferListenerAdapter - Downloaded https://repo.maven.apache.org/maven2/org/springframework/spring-web/4.3.3.RELEASE/spring-web-4.3.3.RELEASE.jar
2024-11-26 13:04:15,634 [Worker-27: Building] WARN  o.a.m.s.f.DefaultMavenResourcesFiltering - Using platform encoding (UTF-8 actually) to copy filtered resources, i.e. build is platform dependent!
2024-11-26 13:04:15,638 [Worker-27: Building] INFO  o.a.m.s.f.DefaultMavenResourcesFiltering - Copying 0 resource from src\main\resources to target\classes
2024-11-26 13:04:15,644 [Worker-27: Building] WARN  o.a.m.s.f.DefaultMavenResourcesFiltering - Using platform encoding (UTF-8 actually) to copy filtered resources, i.e. build is platform dependent!
2024-11-26 13:04:15,647 [Worker-27: Building] INFO  o.a.m.s.f.DefaultMavenResourcesFiltering - Copying 0 resource from src\test\resources to target\test-classes
2024-11-26 13:04:15,648 [Worker-27: Building] INFO  o.e.m.w.i.f.ResourceFilteringBuildParticipant - Changed resources require a complete clean of filtered resources of Spring_Web
2024-11-26 13:04:15,648 [Worker-27: Building] INFO  o.e.m.w.i.f.ResourceFilteringBuildParticipant - Executing resource filtering for Spring_Web
2024-11-26 13:04:16,750 [Worker-26: Download sources and javadoc] INFO  o.e.m.c.i.e.AbstractTransferListenerAdapter - Downloading https://repo.maven.apache.org/maven2/org/springframework/spring-webmvc/4.3.3.RELEASE/spring-webmvc-4.3.3.RELEASE-sources.jar
2024-11-26 13:04:17,435 [Worker-26: Download sources and javadoc] INFO  o.e.m.c.i.e.AbstractTransferListenerAdapter - Downloaded https://repo.maven.apache.org/maven2/org/springframework/spring-webmvc/4.3.3.RELEASE/spring-webmvc-4.3.3.RELEASE-sources.jar
2024-11-26 13:04:17,439 [Worker-26: Download sources and javadoc] INFO  o.e.m.j.internal.DownloadSourcesJob - Downloaded sources for org.springframework:spring-webmvc:4.3.3.RELEASE
2024-11-26 13:04:17,639 [Worker-26: Download sources and javadoc] INFO  o.e.m.c.i.e.AbstractTransferListenerAdapter - Downloading https://repo.maven.apache.org/maven2/org/springframework/spring-aop/4.3.3.RELEASE/spring-aop-4.3.3.RELEASE-sources.jar
2024-11-26 13:04:17,961 [Worker-26: Download sources and javadoc] INFO  o.e.m.c.i.e.AbstractTransferListenerAdapter - Downloaded https://repo.maven.apache.org/maven2/org/springframework/spring-aop/4.3.3.RELEASE/spring-aop-4.3.3.RELEASE-sources.jar
2024-11-26 13:04:17,966 [Worker-26: Download sources and javadoc] INFO  o.e.m.j.internal.DownloadSourcesJob - Downloaded sources for org.springframework:spring-aop:4.3.3.RELEASE
2024-11-26 13:04:18,416 [Worker-26: Download sources and javadoc] INFO  o.e.m.c.i.e.AbstractTransferListenerAdapter - Downloading https://repo.maven.apache.org/maven2/org/springframework/spring-beans/4.3.3.RELEASE/spring-beans-4.3.3.RELEASE-sources.jar
2024-11-26 13:04:19,217 [Worker-26: Download sources and javadoc] INFO  o.e.m.c.i.e.AbstractTransferListenerAdapter - Downloaded https://repo.maven.apache.org/maven2/org/springframework/spring-beans/4.3.3.RELEASE/spring-beans-4.3.3.RELEASE-sources.jar
2024-11-26 13:04:19,221 [Worker-26: Download sources and javadoc] INFO  o.e.m.j.internal.DownloadSourcesJob - Downloaded sources for org.springframework:spring-beans:4.3.3.RELEASE
2024-11-26 13:04:19,720 [Worker-26: Download sources and javadoc] INFO  o.e.m.c.i.e.AbstractTransferListenerAdapter - Downloading https://repo.maven.apache.org/maven2/org/springframework/spring-expression/4.3.3.RELEASE/spring-expression-4.3.3.RELEASE-sources.jar
2024-11-26 13:04:19,981 [Worker-26: Download sources and javadoc] INFO  o.e.m.c.i.e.AbstractTransferListenerAdapter - Downloaded https://repo.maven.apache.org/maven2/org/springframework/spring-expression/4.3.3.RELEASE/spring-expression-4.3.3.RELEASE-sources.jar
2024-11-26 13:04:19,984 [Worker-26: Download sources and javadoc] INFO  o.e.m.j.internal.DownloadSourcesJob - Downloaded sources for org.springframework:spring-expression:4.3.3.RELEASE
2024-11-26 13:04:20,309 [Worker-26: Download sources and javadoc] INFO  o.e.m.c.i.e.AbstractTransferListenerAdapter - Downloading https://repo.maven.apache.org/maven2/org/springframework/spring-web/4.3.3.RELEASE/spring-web-4.3.3.RELEASE-sources.jar
2024-11-26 13:04:20,835 [Worker-26: Download sources and javadoc] INFO  o.e.m.c.i.e.AbstractTransferListenerAdapter - Downloaded https://repo.maven.apache.org/maven2/org/springframework/spring-web/4.3.3.RELEASE/spring-web-4.3.3.RELEASE-sources.jar
2024-11-26 13:04:20,839 [Worker-26: Download sources and javadoc] INFO  o.e.m.j.internal.DownloadSourcesJob - Downloaded sources for org.springframework:spring-web:4.3.3.RELEASE
2024-11-26 14:51:41,145 [Worker-1: Loading available Gradle versions] INFO  o.e.b.c.i.u.g.PublishedGradleVersions - Gradle version information cache is up-to-date. Trying to read.
